<?xml version="1.0" encoding="UTF-8"?>
<testng-results ignored="0" total="2" passed="2" failed="0" skipped="0">
  <reporter-output>
  </reporter-output>
  <suite started-at="2022-01-15T20:34:37 IST" name="Suite" finished-at="2022-01-15T20:34:37 IST" duration-ms="48">
    <groups>
    </groups>
    <test started-at="2022-01-15T20:34:37 IST" name="Test" finished-at="2022-01-15T20:34:37 IST" duration-ms="48">
      <class name="com.TestAnnotations">
        <test-method is-config="true" signature="beforeTest()[pri:0, instance:com.TestAnnotations@3514a4c0]" started-at="2022-01-15T20:34:37 IST" name="beforeTest" finished-at="2022-01-15T20:34:37 IST" duration-ms="7" status="PASS">
          <reporter-output>
          </reporter-output>
        </test-method> <!-- beforeTest -->
        <test-method is-config="true" signature="beforeClass()[pri:0, instance:com.TestAnnotations@3514a4c0]" started-at="2022-01-15T20:34:37 IST" name="beforeClass" finished-at="2022-01-15T20:34:37 IST" duration-ms="0" status="PASS">
          <reporter-output>
          </reporter-output>
        </test-method> <!-- beforeClass -->
        <test-method is-config="true" signature="beforeMethod()[pri:0, instance:com.TestAnnotations@3514a4c0]" started-at="2022-01-15T20:34:37 IST" name="beforeMethod" finished-at="2022-01-15T20:34:37 IST" duration-ms="1" status="PASS">
          <reporter-output>
          </reporter-output>
        </test-method> <!-- beforeMethod -->
        <test-method signature="Test1()[pri:0, instance:com.TestAnnotations@3514a4c0]" started-at="2022-01-15T20:34:37 IST" name="Test1" finished-at="2022-01-15T20:34:37 IST" duration-ms="4" status="PASS">
          <reporter-output>
          </reporter-output>
        </test-method> <!-- Test1 -->
        <test-method is-config="true" signature="beforeMethod()[pri:0, instance:com.TestAnnotations@3514a4c0]" started-at="2022-01-15T20:34:37 IST" name="beforeMethod" finished-at="2022-01-15T20:34:37 IST" duration-ms="1" status="PASS">
          <reporter-output>
          </reporter-output>
        </test-method> <!-- beforeMethod -->
        <test-method is-config="true" signature="afterMethod()[pri:0, instance:com.TestAnnotations@3514a4c0]" started-at="2022-01-15T20:34:37 IST" name="afterMethod" finished-at="2022-01-15T20:34:37 IST" duration-ms="0" status="PASS">
          <reporter-output>
          </reporter-output>
        </test-method> <!-- afterMethod -->
        <test-method signature="Test2()[pri:0, instance:com.TestAnnotations@3514a4c0]" started-at="2022-01-15T20:34:37 IST" name="Test2" finished-at="2022-01-15T20:34:37 IST" duration-ms="0" status="PASS">
          <reporter-output>
          </reporter-output>
        </test-method> <!-- Test2 -->
        <test-method is-config="true" signature="afterMethod()[pri:0, instance:com.TestAnnotations@3514a4c0]" started-at="2022-01-15T20:34:37 IST" name="afterMethod" finished-at="2022-01-15T20:34:37 IST" duration-ms="0" status="PASS">
          <reporter-output>
          </reporter-output>
        </test-method> <!-- afterMethod -->
        <test-method is-config="true" signature="afterClass()[pri:0, instance:com.TestAnnotations@3514a4c0]" started-at="2022-01-15T20:34:37 IST" name="afterClass" finished-at="2022-01-15T20:34:37 IST" duration-ms="1" status="PASS">
          <reporter-output>
          </reporter-output>
        </test-method> <!-- afterClass -->
        <test-method is-config="true" signature="afterTest()[pri:0, instance:com.TestAnnotations@3514a4c0]" started-at="2022-01-15T20:34:37 IST" name="afterTest" finished-at="2022-01-15T20:34:37 IST" duration-ms="0" status="PASS">
          <reporter-output>
          </reporter-output>
        </test-method> <!-- afterTest -->
      </class> <!-- com.TestAnnotations -->
    </test> <!-- Test -->
  </suite> <!-- Suite -->
</testng-results>
